<?xml version="1.0" encoding="UTF-8"?>
<!-- Generated by org.testng.reporters.JUnitReportReporter -->
<testsuite hostname="EIS0218" failures="0" tests="2" name="tests.testcase1Test" time="50.312" errors="0" timestamp="2022-03-02T01:25:19 EET" skipped="0">
  <testcase classname="tests.testcase1Test" name="case01" time="29.608"/>
  <system-out/>
  <testcase classname="tests.testcase1Test" name="case01" time="20.704"/>
  <system-out/>
</testsuite> <!-- tests.testcase1Test -->
