<?xml version="1.0" encoding="UTF-8"?>
<!-- Generated by org.testng.reporters.JUnitReportReporter -->
<testsuite hostname="EIS0218" failures="0" tests="1" name="tests.testcase1Test2" time="40.301" errors="0" timestamp="2022-03-02T01:25:18 EET" skipped="0">
  <testcase classname="tests.testcase1Test2" name="case01" time="40.301"/>
  <system-out/>
</testsuite> <!-- tests.testcase1Test2 -->
