<?xml version="1.0" encoding="UTF-8"?>
<!-- Generated by org.testng.reporters.JUnitReportReporter -->
<testsuite hostname="EIS0218" failures="0" tests="1" name="tests.testcase1Test" time="13.777" errors="0" timestamp="2022-03-01T11:58:00 EET" skipped="0">
  <testcase classname="tests.testcase1Test" name="case01" time="13.777"/>
  <system-out/>
</testsuite> <!-- tests.testcase1Test -->
