<?xml version="1.0" encoding="UTF-8"?>
<!-- Generated by org.testng.reporters.JUnitReportReporter -->
<testsuite hostname="EIS0218" failures="0" tests="2" name="tests.testcase1Test" time="68.842" errors="0" timestamp="2022-03-01T20:55:39 EET" skipped="0">
  <testcase classname="tests.testcase1Test" name="case01" time="45.031"/>
  <system-out/>
  <testcase classname="tests.testcase1Test" name="case01" time="23.811"/>
  <system-out/>
</testsuite> <!-- tests.testcase1Test -->
